TSC frequency: 31250000 Hz (31.25 MHz)
Warmup...

=== Clock Calibration (Instant-based estimation) ===
Estimated TSC frequency (simple): 30937125.05 Hz (30.94 MHz)
Estimated TSC frequency (regression): 31249283.02 Hz (31.25 MHz)
Actual TSC frequency: 31250000 Hz (31.25 MHz)
Frequency error (simple): 10012.00 ppm
Frequency error (regression): 22.94 ppm
Estimated offset: 35190015310633.47 TSC cycles
TSC time (from offset): 1.007454 seconds
Monotonic time: 1126080.082571 seconds
Difference: 1126079.075117 seconds

=== Overhead Comparison ===
TSC read overhead: 305.383µs (30.54 ns/call)
Instant::now() overhead: 1.125914ms (112.59 ns/call)
Speedup: 3.7x faster

=== Timestamp Comparison ===
TSC elapsed: 100087808 ns (100.088 ms)
Instant elapsed: 100093596 ns (100.094 ms)
Difference: 5788 ns

=== High-Frequency Sampling ===
Captured 1000 samples back-to-back:
  Min interval: 0 cycles (0.00 ns)
  Max interval: 2 cycles (64.00 ns)
  Avg interval: 0 cycles (0.00 ns)
